2023-06-28T12:43:07.464 INFO handler /api/v1/login  Login Login Succesfully. ResponseTime:189.5901ms
2023-06-28T12:43:43.196 INFO book /api/v1/book/ dnynaesh@gmail.com Newbook started ResponseTime:0s
2023-06-28T12:43:43.211 INFO book /api/v1/book/ dequequedata  Data received ResponseTime:1m49.475187s
2023-06-28T12:43:43.211 INFO book /api/v1/book/ dnynaesh@gmail.com Newbook ended ResponseTime:14.7407ms
2023-06-28T12:43:43.226 INFO book /api/v1/book/ dequequedata  ended ResponseTime:4.3474ms
2023-06-28T12:43:44.970 INFO book /api/v1/book/ dnynaesh@gmail.com Newbook started ResponseTime:0s
2023-06-28T12:43:45.042 INFO book /api/v1/book/ dnynaesh@gmail.com Newbook ended ResponseTime:72.8007ms
2023-06-28T12:43:45.042 INFO book /api/v1/book/ dequequedata  Data received ResponseTime:1m51.3068415s
2023-06-28T12:43:45.059 INFO book /api/v1/book/ dequequedata  ended ResponseTime:1.4824ms
2023-06-28T12:43:46.357 INFO book /api/v1/book/ dnynaesh@gmail.com Newbook started ResponseTime:0s
2023-06-28T12:43:46.365 INFO book /api/v1/book/ dequequedata  Data received ResponseTime:1m52.6291229s
2023-06-28T12:43:46.364 INFO book /api/v1/book/ dnynaesh@gmail.com Newbook ended ResponseTime:7.0041ms
2023-06-28T12:43:46.378 INFO book /api/v1/book/ dequequedata  ended ResponseTime:1.8473ms
2023-06-28T12:43:47.616 INFO book /api/v1/book/ dnynaesh@gmail.com Newbook started ResponseTime:0s
2023-06-28T12:43:47.629 INFO book /api/v1/book/ dnynaesh@gmail.com Newbook ended ResponseTime:12.8252ms
2023-06-28T12:43:47.629 INFO book /api/v1/book/ dequequedata  Data received ResponseTime:1m53.8937282s
2023-06-28T12:43:47.643 INFO book /api/v1/book/ dequequedata  ended ResponseTime:723µs
2023-06-28T12:43:48.494 INFO book /api/v1/book/ dnynaesh@gmail.com Newbook started ResponseTime:0s
2023-06-28T12:43:48.507 INFO book /api/v1/book/ dnynaesh@gmail.com Newbook ended ResponseTime:13.0335ms
2023-06-28T12:43:48.507 INFO book /api/v1/book/ dequequedata  Data received ResponseTime:1m54.7710497s
2023-06-28T12:43:48.521 INFO book /api/v1/book/ dequequedata  ended ResponseTime:243.3µs
